d:\documents\github\university_labs\computer_graphics\lab_3\physx tutorials\physx tutorials\trainingprograms\programs\chap1\compiler\vc8win32\build\win32\lesson113\debug\vc141.pdb
d:\documents\github\university_labs\computer_graphics\lab_3\physx tutorials\physx tutorials\trainingprograms\programs\chap1\compiler\vc8win32\build\win32\lesson113\debug\lesson113.obj
d:\documents\github\university_labs\computer_graphics\lab_3\physx tutorials\physx tutorials\trainingprograms\programs\chap1\compiler\vc8win32\build\win32\lesson113\debug\timing_win.obj
d:\documents\github\university_labs\computer_graphics\lab_3\physx tutorials\physx tutorials\trainingprograms\programs\chap1\compiler\vc8win32\build\win32\lesson113\debug\mediapath_win.obj
d:\documents\github\university_labs\computer_graphics\lab_3\physx tutorials\physx tutorials\trainingprograms\programs\chap1\compiler\vc8win32\build\win32\lesson113\debug\userallocator.obj
d:\documents\github\university_labs\computer_graphics\lab_3\physx tutorials\physx tutorials\trainingprograms\programs\chap1\compiler\vc8win32\build\win32\lesson113\debug\debugrenderer.obj
d:\documents\github\university_labs\computer_graphics\lab_3\physx tutorials\physx tutorials\trainingprograms\programs\chap1\compiler\vc8win32\build\win32\lesson113\debug\userdata.obj
d:\documents\github\university_labs\computer_graphics\lab_3\physx tutorials\physx tutorials\trainingprograms\programs\chap1\compiler\vc8win32\build\win32\lesson113\debug\stream.obj
d:\documents\github\university_labs\computer_graphics\lab_3\physx tutorials\physx tutorials\trainingprograms\programs\chap1\compiler\vc8win32\build\win32\lesson113\debug\hud.obj
d:\documents\github\university_labs\computer_graphics\lab_3\physx tutorials\physx tutorials\trainingprograms\programs\chap1\compiler\vc8win32\build\win32\lesson113\debug\glfontrenderer.obj
d:\documents\github\university_labs\computer_graphics\lab_3\physx tutorials\physx tutorials\trainingprograms\programs\chap1\compiler\vc8win32\build\win32\lesson113\debug\drawobjects.obj
d:\documents\github\university_labs\computer_graphics\lab_3\physx tutorials\physx tutorials\trainingprograms\programs\chap1\compiler\vc8win32\build\win32\lesson113\debug\wavefront.obj
d:\documents\github\university_labs\computer_graphics\lab_3\physx tutorials\physx tutorials\trainingprograms\programs\chap1\compiler\vc8win32\build\win32\lesson113\debug\mycloth.obj
d:\documents\github\university_labs\computer_graphics\lab_3\physx tutorials\physx tutorials\trainingprograms\programs\chap1\compiler\vc8win32\build\win32\lesson113\debug\bmploader.obj
d:\documents\github\university_labs\computer_graphics\lab_3\physx tutorials\physx tutorials\trainingprograms\programs\chap1\compiler\vc8win32\build\win32\lesson113\debug\actors.obj
d:\documents\github\university_labs\computer_graphics\lab_3\physx tutorials\physx tutorials\bin\win32\lesson113_debug.ilk
d:\documents\github\university_labs\computer_graphics\lab_3\physx tutorials\physx tutorials\bin\win32\lesson113_debug.exe
d:\documents\github\university_labs\computer_graphics\lab_3\physx tutorials\physx tutorials\bin\win32\lesson113_debug.exe.map
d:\documents\github\university_labs\computer_graphics\lab_3\physx tutorials\physx tutorials\bin\win32\lesson113_debug.exe.pdb
d:\documents\github\university_labs\computer_graphics\lab_3\physx tutorials\physx tutorials\trainingprograms\programs\chap1\compiler\vc8win32\../../../../../bin/win32\lesson113_debug.exe
d:\documents\github\university_labs\computer_graphics\lab_3\physx tutorials\physx tutorials\trainingprograms\programs\chap1\compiler\vc8win32\build\win32\lesson113\debug\lesson113.tlog\cl.command.1.tlog
d:\documents\github\university_labs\computer_graphics\lab_3\physx tutorials\physx tutorials\trainingprograms\programs\chap1\compiler\vc8win32\build\win32\lesson113\debug\lesson113.tlog\cl.read.1.tlog
d:\documents\github\university_labs\computer_graphics\lab_3\physx tutorials\physx tutorials\trainingprograms\programs\chap1\compiler\vc8win32\build\win32\lesson113\debug\lesson113.tlog\cl.write.1.tlog
d:\documents\github\university_labs\computer_graphics\lab_3\physx tutorials\physx tutorials\trainingprograms\programs\chap1\compiler\vc8win32\build\win32\lesson113\debug\lesson113.tlog\link.command.1.tlog
d:\documents\github\university_labs\computer_graphics\lab_3\physx tutorials\physx tutorials\trainingprograms\programs\chap1\compiler\vc8win32\build\win32\lesson113\debug\lesson113.tlog\link.read.1.tlog
d:\documents\github\university_labs\computer_graphics\lab_3\physx tutorials\physx tutorials\trainingprograms\programs\chap1\compiler\vc8win32\build\win32\lesson113\debug\lesson113.tlog\link.write.1.tlog
