d:\documents\github\university_labs\computer_graphics\lab_3\physx tutorials\physx tutorials\trainingprograms\programs\chap1\compiler\vc8win32\build\win32\lesson104\debug\vc141.pdb
d:\documents\github\university_labs\computer_graphics\lab_3\physx tutorials\physx tutorials\trainingprograms\programs\chap1\compiler\vc8win32\build\win32\lesson104\debug\lesson104.obj
d:\documents\github\university_labs\computer_graphics\lab_3\physx tutorials\physx tutorials\trainingprograms\programs\chap1\compiler\vc8win32\build\win32\lesson104\debug\timing_win.obj
d:\documents\github\university_labs\computer_graphics\lab_3\physx tutorials\physx tutorials\trainingprograms\programs\chap1\compiler\vc8win32\build\win32\lesson104\debug\mediapath_win.obj
d:\documents\github\university_labs\computer_graphics\lab_3\physx tutorials\physx tutorials\trainingprograms\programs\chap1\compiler\vc8win32\build\win32\lesson104\debug\userallocator.obj
d:\documents\github\university_labs\computer_graphics\lab_3\physx tutorials\physx tutorials\trainingprograms\programs\chap1\compiler\vc8win32\build\win32\lesson104\debug\debugrenderer.obj
d:\documents\github\university_labs\computer_graphics\lab_3\physx tutorials\physx tutorials\trainingprograms\programs\chap1\compiler\vc8win32\build\win32\lesson104\debug\userdata.obj
d:\documents\github\university_labs\computer_graphics\lab_3\physx tutorials\physx tutorials\trainingprograms\programs\chap1\compiler\vc8win32\build\win32\lesson104\debug\stream.obj
d:\documents\github\university_labs\computer_graphics\lab_3\physx tutorials\physx tutorials\trainingprograms\programs\chap1\compiler\vc8win32\build\win32\lesson104\debug\hud.obj
d:\documents\github\university_labs\computer_graphics\lab_3\physx tutorials\physx tutorials\trainingprograms\programs\chap1\compiler\vc8win32\build\win32\lesson104\debug\glfontrenderer.obj
d:\documents\github\university_labs\computer_graphics\lab_3\physx tutorials\physx tutorials\trainingprograms\programs\chap1\compiler\vc8win32\build\win32\lesson104\debug\drawobjects.obj
d:\documents\github\university_labs\computer_graphics\lab_3\physx tutorials\physx tutorials\bin\win32\lesson104_debug.ilk
d:\documents\github\university_labs\computer_graphics\lab_3\physx tutorials\physx tutorials\bin\win32\lesson104_debug.exe
d:\documents\github\university_labs\computer_graphics\lab_3\physx tutorials\physx tutorials\bin\win32\lesson104_debug.exe.map
d:\documents\github\university_labs\computer_graphics\lab_3\physx tutorials\physx tutorials\bin\win32\lesson104_debug.exe.pdb
d:\documents\github\university_labs\computer_graphics\lab_3\physx tutorials\physx tutorials\trainingprograms\programs\chap1\compiler\vc8win32\../../../../../bin/win32\lesson104_debug.exe
d:\documents\github\university_labs\computer_graphics\lab_3\physx tutorials\physx tutorials\trainingprograms\programs\chap1\compiler\vc8win32\build\win32\lesson104\debug\lesson104.tlog\cl.command.1.tlog
d:\documents\github\university_labs\computer_graphics\lab_3\physx tutorials\physx tutorials\trainingprograms\programs\chap1\compiler\vc8win32\build\win32\lesson104\debug\lesson104.tlog\cl.read.1.tlog
d:\documents\github\university_labs\computer_graphics\lab_3\physx tutorials\physx tutorials\trainingprograms\programs\chap1\compiler\vc8win32\build\win32\lesson104\debug\lesson104.tlog\cl.write.1.tlog
d:\documents\github\university_labs\computer_graphics\lab_3\physx tutorials\physx tutorials\trainingprograms\programs\chap1\compiler\vc8win32\build\win32\lesson104\debug\lesson104.tlog\link.command.1.tlog
d:\documents\github\university_labs\computer_graphics\lab_3\physx tutorials\physx tutorials\trainingprograms\programs\chap1\compiler\vc8win32\build\win32\lesson104\debug\lesson104.tlog\link.read.1.tlog
d:\documents\github\university_labs\computer_graphics\lab_3\physx tutorials\physx tutorials\trainingprograms\programs\chap1\compiler\vc8win32\build\win32\lesson104\debug\lesson104.tlog\link.write.1.tlog
