d:\documents\github\university_labs\computer_graphics\lab_3\physx tutorials\physx tutorials\trainingprograms\programs\chap1\compiler\vc8win32\build\win32\lesson111\debug\vc141.pdb
d:\documents\github\university_labs\computer_graphics\lab_3\physx tutorials\physx tutorials\trainingprograms\programs\chap1\compiler\vc8win32\build\win32\lesson111\debug\lesson111.obj
d:\documents\github\university_labs\computer_graphics\lab_3\physx tutorials\physx tutorials\trainingprograms\programs\chap1\compiler\vc8win32\build\win32\lesson111\debug\timing_win.obj
d:\documents\github\university_labs\computer_graphics\lab_3\physx tutorials\physx tutorials\trainingprograms\programs\chap1\compiler\vc8win32\build\win32\lesson111\debug\mediapath_win.obj
d:\documents\github\university_labs\computer_graphics\lab_3\physx tutorials\physx tutorials\trainingprograms\programs\chap1\compiler\vc8win32\build\win32\lesson111\debug\debugrenderer.obj
d:\documents\github\university_labs\computer_graphics\lab_3\physx tutorials\physx tutorials\trainingprograms\programs\chap1\compiler\vc8win32\build\win32\lesson111\debug\stream.obj
d:\documents\github\university_labs\computer_graphics\lab_3\physx tutorials\physx tutorials\trainingprograms\programs\chap1\compiler\vc8win32\build\win32\lesson111\debug\hud.obj
d:\documents\github\university_labs\computer_graphics\lab_3\physx tutorials\physx tutorials\trainingprograms\programs\chap1\compiler\vc8win32\build\win32\lesson111\debug\glfontrenderer.obj
d:\documents\github\university_labs\computer_graphics\lab_3\physx tutorials\physx tutorials\trainingprograms\programs\chap1\compiler\vc8win32\build\win32\lesson111\debug\drawobjects.obj
d:\documents\github\university_labs\computer_graphics\lab_3\physx tutorials\physx tutorials\trainingprograms\programs\chap1\compiler\vc8win32\build\win32\lesson111\debug\actors.obj
d:\documents\github\university_labs\computer_graphics\lab_3\physx tutorials\physx tutorials\bin\win32\lesson111_debug.ilk
d:\documents\github\university_labs\computer_graphics\lab_3\physx tutorials\physx tutorials\bin\win32\lesson111_debug.exe
d:\documents\github\university_labs\computer_graphics\lab_3\physx tutorials\physx tutorials\bin\win32\lesson111_debug.exe.map
d:\documents\github\university_labs\computer_graphics\lab_3\physx tutorials\physx tutorials\bin\win32\lesson111_debug.exe.pdb
d:\documents\github\university_labs\computer_graphics\lab_3\physx tutorials\physx tutorials\trainingprograms\programs\chap1\compiler\vc8win32\../../../../../bin/win32\lesson111_debug.exe
d:\documents\github\university_labs\computer_graphics\lab_3\physx tutorials\physx tutorials\trainingprograms\programs\chap1\compiler\vc8win32\build\win32\lesson111\debug\lesson111.tlog\cl.command.1.tlog
d:\documents\github\university_labs\computer_graphics\lab_3\physx tutorials\physx tutorials\trainingprograms\programs\chap1\compiler\vc8win32\build\win32\lesson111\debug\lesson111.tlog\cl.read.1.tlog
d:\documents\github\university_labs\computer_graphics\lab_3\physx tutorials\physx tutorials\trainingprograms\programs\chap1\compiler\vc8win32\build\win32\lesson111\debug\lesson111.tlog\cl.write.1.tlog
d:\documents\github\university_labs\computer_graphics\lab_3\physx tutorials\physx tutorials\trainingprograms\programs\chap1\compiler\vc8win32\build\win32\lesson111\debug\lesson111.tlog\link.command.1.tlog
d:\documents\github\university_labs\computer_graphics\lab_3\physx tutorials\physx tutorials\trainingprograms\programs\chap1\compiler\vc8win32\build\win32\lesson111\debug\lesson111.tlog\link.read.1.tlog
d:\documents\github\university_labs\computer_graphics\lab_3\physx tutorials\physx tutorials\trainingprograms\programs\chap1\compiler\vc8win32\build\win32\lesson111\debug\lesson111.tlog\link.write.1.tlog
