cl : Command line warning D9025: overriding '/MD' with '/MTd'
  DrawObjects.cpp
  ExplosionSample.cpp
  VortexSample.cpp
  WindSample.cpp
  GLFontRenderer.cpp
  HUD.cpp
  Stream.cpp
  UserData.cpp
  DebugRenderer.cpp
  UserAllocator.cpp
d:\documents\github\university_labs\computer_graphics\lab_3\physx tutorials\trainingprograms\programs\shared_source\user_reports\userallocator.cpp(52): warning C4477: 'printf' : format string '%.8X' requires an argument of type 'unsigned int', but variadic argument 1 has type 'NxU32 *'
  MediaPath_WIN.cpp
  Timing_WIN.cpp
  Lesson116.cpp
d:\documents\github\university_labs\computer_graphics\lab_3\physx tutorials\trainingprograms\programs\shared_source\hud.h(32): warning C4996: 'sprintf': This function or variable may be unsafe. Consider using sprintf_s instead. To disable deprecation, use _CRT_SECURE_NO_WARNINGS. See online help for details.
  d:\windows kits\10\include\10.0.17134.0\ucrt\stdio.h(1774): note: see declaration of 'sprintf'
d:\documents\github\university_labs\computer_graphics\lab_3\physx tutorials\trainingprograms\programs\chap1\lesson116\source\lesson116.cpp(45): warning C4101: 'check': unreferenced local variable
d:\documents\github\university_labs\computer_graphics\lab_3\physx tutorials\trainingprograms\programs\chap1\lesson116\source\lesson116.cpp(141): warning C4018: '<': signed/unsigned mismatch
d:\documents\github\university_labs\computer_graphics\lab_3\physx tutorials\trainingprograms\programs\chap1\lesson116\source\lesson116.cpp(378): warning C4065: switch statement contains 'default' but no 'case' labels
  Generating Code...
Lesson116.obj : error LNK2019: unresolved external symbol "public: virtual __thiscall TiXmlNode::~TiXmlNode(void)" (??1TiXmlNode@@UAE@XZ) referenced in function "public: virtual __thiscall TiXmlDocument::~TiXmlDocument(void)" (??1TiXmlDocument@@UAE@XZ)
Lesson116.obj : error LNK2019: unresolved external symbol "public: class TiXmlNode const * __thiscall TiXmlNode::FirstChild(char const *)const " (?FirstChild@TiXmlNode@@QBEPBV1@PBD@Z) referenced in function "public: class TiXmlNode * __thiscall TiXmlNode::FirstChild(char const *)" (?FirstChild@TiXmlNode@@QAEPAV1@PBD@Z)
Lesson116.obj : error LNK2019: unresolved external symbol "public: class TiXmlElement const * __thiscall TiXmlNode::FirstChildElement(char const *)const " (?FirstChildElement@TiXmlNode@@QBEPBVTiXmlElement@@PBD@Z) referenced in function "public: class TiXmlElement * __thiscall TiXmlNode::FirstChildElement(char const *)" (?FirstChildElement@TiXmlNode@@QAEPAVTiXmlElement@@PBD@Z)
Lesson116.obj : error LNK2019: unresolved external symbol "public: __thiscall TiXmlDocument::TiXmlDocument(void)" (??0TiXmlDocument@@QAE@XZ) referenced in function "void __cdecl ReadXMLData(void)" (?ReadXMLData@@YAXXZ)
Lesson116.obj : error LNK2019: unresolved external symbol "public: bool __thiscall TiXmlDocument::LoadFile(char const *,enum TiXmlEncoding)" (?LoadFile@TiXmlDocument@@QAE_NPBDW4TiXmlEncoding@@@Z) referenced in function "void __cdecl ReadXMLData(void)" (?ReadXMLData@@YAXXZ)
Lesson116.obj : error LNK2001: unresolved external symbol "public: virtual char const * __thiscall TiXmlDocument::Parse(char const *,class TiXmlParsingData *,enum TiXmlEncoding)" (?Parse@TiXmlDocument@@UAEPBDPBDPAVTiXmlParsingData@@W4TiXmlEncoding@@@Z)
Lesson116.obj : error LNK2001: unresolved external symbol "public: virtual void __thiscall TiXmlDocument::Print(struct _iobuf *,int)const " (?Print@TiXmlDocument@@UBEXPAU_iobuf@@H@Z)
Lesson116.obj : error LNK2001: unresolved external symbol "public: virtual bool __thiscall TiXmlDocument::Accept(class TiXmlVisitor *)const " (?Accept@TiXmlDocument@@UBE_NPAVTiXmlVisitor@@@Z)
Lesson116.obj : error LNK2001: unresolved external symbol "protected: virtual class TiXmlNode * __thiscall TiXmlDocument::Clone(void)const " (?Clone@TiXmlDocument@@MBEPAVTiXmlNode@@XZ)
Lesson116.obj : error LNK2001: unresolved external symbol "private: static struct TiXmlString::Rep TiXmlString::nullrep_" (?nullrep_@TiXmlString@@0URep@1@A)
../../../../../bin/Win32\Lesson116_DEBUG.exe : fatal error LNK1120: 10 unresolved externals
