d:\documents\github\university_labs\computer_graphics\lab_3\physx tutorials\physx tutorials\trainingprograms\programs\chap1\compiler\vc8win32\build\win32\lesson116\debug\vc141.pdb
d:\documents\github\university_labs\computer_graphics\lab_3\physx tutorials\physx tutorials\trainingprograms\programs\chap1\compiler\vc8win32\build\win32\lesson116\debug\lesson116.obj
d:\documents\github\university_labs\computer_graphics\lab_3\physx tutorials\physx tutorials\trainingprograms\programs\chap1\compiler\vc8win32\build\win32\lesson116\debug\timing_win.obj
d:\documents\github\university_labs\computer_graphics\lab_3\physx tutorials\physx tutorials\trainingprograms\programs\chap1\compiler\vc8win32\build\win32\lesson116\debug\mediapath_win.obj
d:\documents\github\university_labs\computer_graphics\lab_3\physx tutorials\physx tutorials\trainingprograms\programs\chap1\compiler\vc8win32\build\win32\lesson116\debug\userallocator.obj
d:\documents\github\university_labs\computer_graphics\lab_3\physx tutorials\physx tutorials\trainingprograms\programs\chap1\compiler\vc8win32\build\win32\lesson116\debug\debugrenderer.obj
d:\documents\github\university_labs\computer_graphics\lab_3\physx tutorials\physx tutorials\trainingprograms\programs\chap1\compiler\vc8win32\build\win32\lesson116\debug\userdata.obj
d:\documents\github\university_labs\computer_graphics\lab_3\physx tutorials\physx tutorials\trainingprograms\programs\chap1\compiler\vc8win32\build\win32\lesson116\debug\stream.obj
d:\documents\github\university_labs\computer_graphics\lab_3\physx tutorials\physx tutorials\trainingprograms\programs\chap1\compiler\vc8win32\build\win32\lesson116\debug\hud.obj
d:\documents\github\university_labs\computer_graphics\lab_3\physx tutorials\physx tutorials\trainingprograms\programs\chap1\compiler\vc8win32\build\win32\lesson116\debug\glfontrenderer.obj
d:\documents\github\university_labs\computer_graphics\lab_3\physx tutorials\physx tutorials\trainingprograms\programs\chap1\compiler\vc8win32\build\win32\lesson116\debug\windsample.obj
d:\documents\github\university_labs\computer_graphics\lab_3\physx tutorials\physx tutorials\trainingprograms\programs\chap1\compiler\vc8win32\build\win32\lesson116\debug\vortexsample.obj
d:\documents\github\university_labs\computer_graphics\lab_3\physx tutorials\physx tutorials\trainingprograms\programs\chap1\compiler\vc8win32\build\win32\lesson116\debug\explosionsample.obj
d:\documents\github\university_labs\computer_graphics\lab_3\physx tutorials\physx tutorials\trainingprograms\programs\chap1\compiler\vc8win32\build\win32\lesson116\debug\drawobjects.obj
d:\documents\github\university_labs\computer_graphics\lab_3\physx tutorials\physx tutorials\bin\win32\lesson116_debug.ilk
d:\documents\github\university_labs\computer_graphics\lab_3\physx tutorials\physx tutorials\bin\win32\lesson116_debug.exe
d:\documents\github\university_labs\computer_graphics\lab_3\physx tutorials\physx tutorials\bin\win32\lesson116_debug.exe.map
d:\documents\github\university_labs\computer_graphics\lab_3\physx tutorials\physx tutorials\bin\win32\lesson116_debug.exe.pdb
d:\documents\github\university_labs\computer_graphics\lab_3\physx tutorials\physx tutorials\trainingprograms\programs\chap1\compiler\vc8win32\../../../../../bin/win32\lesson116_debug.exe
d:\documents\github\university_labs\computer_graphics\lab_3\physx tutorials\physx tutorials\trainingprograms\programs\chap1\compiler\vc8win32\build\win32\lesson116\debug\lesson116.tlog\cl.command.1.tlog
d:\documents\github\university_labs\computer_graphics\lab_3\physx tutorials\physx tutorials\trainingprograms\programs\chap1\compiler\vc8win32\build\win32\lesson116\debug\lesson116.tlog\cl.read.1.tlog
d:\documents\github\university_labs\computer_graphics\lab_3\physx tutorials\physx tutorials\trainingprograms\programs\chap1\compiler\vc8win32\build\win32\lesson116\debug\lesson116.tlog\cl.write.1.tlog
d:\documents\github\university_labs\computer_graphics\lab_3\physx tutorials\physx tutorials\trainingprograms\programs\chap1\compiler\vc8win32\build\win32\lesson116\debug\lesson116.tlog\link.command.1.tlog
d:\documents\github\university_labs\computer_graphics\lab_3\physx tutorials\physx tutorials\trainingprograms\programs\chap1\compiler\vc8win32\build\win32\lesson116\debug\lesson116.tlog\link.read.1.tlog
d:\documents\github\university_labs\computer_graphics\lab_3\physx tutorials\physx tutorials\trainingprograms\programs\chap1\compiler\vc8win32\build\win32\lesson116\debug\lesson116.tlog\link.write.1.tlog
