d:\documents\github\university_labs\computer_graphics\lab_3\physx tutorials\physx tutorials\trainingprograms\programs\chap1\compiler\vc8win32\build\win32\lesson114\debug\vc141.pdb
d:\documents\github\university_labs\computer_graphics\lab_3\physx tutorials\physx tutorials\trainingprograms\programs\chap1\compiler\vc8win32\build\win32\lesson114\debug\lesson114.obj
d:\documents\github\university_labs\computer_graphics\lab_3\physx tutorials\physx tutorials\trainingprograms\programs\chap1\compiler\vc8win32\build\win32\lesson114\debug\timing_win.obj
d:\documents\github\university_labs\computer_graphics\lab_3\physx tutorials\physx tutorials\trainingprograms\programs\chap1\compiler\vc8win32\build\win32\lesson114\debug\mediapath_win.obj
d:\documents\github\university_labs\computer_graphics\lab_3\physx tutorials\physx tutorials\trainingprograms\programs\chap1\compiler\vc8win32\build\win32\lesson114\debug\userallocator.obj
d:\documents\github\university_labs\computer_graphics\lab_3\physx tutorials\physx tutorials\trainingprograms\programs\chap1\compiler\vc8win32\build\win32\lesson114\debug\debugrenderer.obj
d:\documents\github\university_labs\computer_graphics\lab_3\physx tutorials\physx tutorials\trainingprograms\programs\chap1\compiler\vc8win32\build\win32\lesson114\debug\userdata.obj
d:\documents\github\university_labs\computer_graphics\lab_3\physx tutorials\physx tutorials\trainingprograms\programs\chap1\compiler\vc8win32\build\win32\lesson114\debug\stream.obj
d:\documents\github\university_labs\computer_graphics\lab_3\physx tutorials\physx tutorials\trainingprograms\programs\chap1\compiler\vc8win32\build\win32\lesson114\debug\hud.obj
d:\documents\github\university_labs\computer_graphics\lab_3\physx tutorials\physx tutorials\trainingprograms\programs\chap1\compiler\vc8win32\build\win32\lesson114\debug\glfontrenderer.obj
d:\documents\github\university_labs\computer_graphics\lab_3\physx tutorials\physx tutorials\trainingprograms\programs\chap1\compiler\vc8win32\build\win32\lesson114\debug\drawobjects.obj
d:\documents\github\university_labs\computer_graphics\lab_3\physx tutorials\physx tutorials\trainingprograms\programs\chap1\compiler\vc8win32\build\win32\lesson114\debug\actors.obj
d:\documents\github\university_labs\computer_graphics\lab_3\physx tutorials\physx tutorials\bin\win32\lesson114_debug.ilk
d:\documents\github\university_labs\computer_graphics\lab_3\physx tutorials\physx tutorials\bin\win32\lesson114_debug.exe
d:\documents\github\university_labs\computer_graphics\lab_3\physx tutorials\physx tutorials\bin\win32\lesson114_debug.exe.map
d:\documents\github\university_labs\computer_graphics\lab_3\physx tutorials\physx tutorials\bin\win32\lesson114_debug.exe.pdb
d:\documents\github\university_labs\computer_graphics\lab_3\physx tutorials\physx tutorials\trainingprograms\programs\chap1\compiler\vc8win32\../../../../../bin/win32\lesson114_debug.exe
d:\documents\github\university_labs\computer_graphics\lab_3\physx tutorials\physx tutorials\trainingprograms\programs\chap1\compiler\vc8win32\build\win32\lesson114\debug\lesson114.tlog\cl.command.1.tlog
d:\documents\github\university_labs\computer_graphics\lab_3\physx tutorials\physx tutorials\trainingprograms\programs\chap1\compiler\vc8win32\build\win32\lesson114\debug\lesson114.tlog\cl.read.1.tlog
d:\documents\github\university_labs\computer_graphics\lab_3\physx tutorials\physx tutorials\trainingprograms\programs\chap1\compiler\vc8win32\build\win32\lesson114\debug\lesson114.tlog\cl.write.1.tlog
d:\documents\github\university_labs\computer_graphics\lab_3\physx tutorials\physx tutorials\trainingprograms\programs\chap1\compiler\vc8win32\build\win32\lesson114\debug\lesson114.tlog\link.command.1.tlog
d:\documents\github\university_labs\computer_graphics\lab_3\physx tutorials\physx tutorials\trainingprograms\programs\chap1\compiler\vc8win32\build\win32\lesson114\debug\lesson114.tlog\link.read.1.tlog
d:\documents\github\university_labs\computer_graphics\lab_3\physx tutorials\physx tutorials\trainingprograms\programs\chap1\compiler\vc8win32\build\win32\lesson114\debug\lesson114.tlog\link.write.1.tlog
